<?xml version="1.0" encoding="UTF-8"?>
<testsuite xmlns:xsi="http://www.w3.org/2001/XMLSchema-instance" xsi:noNamespaceSchemaLocation="https://maven.apache.org/surefire/maven-surefire-plugin/xsd/surefire-test-report.xsd" version="3.0.2" name="com.upiiz.Practica2.Practica2ApplicationTests" time="4.147" tests="1" errors="0" skipped="0" failures="0">
  <properties>
[...]
</properties>
  <testcase name="contextLoads" classname="com.upiiz.Practica2.Practica2ApplicationTests" time="1.042">
    <system-out><![CDATA[12:58:46.026 [main] INFO org.springframework.test.context.support.AnnotationConfigContextLoaderUtils -- Could not detect default configuration classes for test class [com.upiiz.Practica2.Practica2ApplicationTests]: Practica2ApplicationTests does not declare any static, non-private, non-final, nested classes annotated with @Configuration.
12:58:46.210 [main] INFO org.springframework.boot.test.context.SpringBootTestContextBootstrapper -- Found @SpringBootConfiguration com.upiiz.Practica2.Practica2Application for test class com.upiiz.Practica2.Practica2ApplicationTests
12:58:46.484 [main] INFO org.springframework.boot.devtools.restart.RestartApplicationListener -- Restart disabled due to context in which it is running

  .   ____          _            __ _ _
 /\\ / ___'_ __ _ _(_)_ __  __ _ \ \ \ \
( ( )\___ | '_ | '_| | '_ \/ _` | \ \ \ \
 \\/  ___)| |_)| | | | | || (_| |  ) ) ) )
  '  |____| .__|_| |_|_| |_\__, | / / / /
 =========|_|==============|___/=/_/_/_/

 :: Spring Boot ::                (v3.4.3)

2025-03-17T12:58:46.919-06:00  INFO 12056 --- [Practica-2] [           main] c.u.Practica2.Practica2ApplicationTests  : Starting Practica2ApplicationTests using Java 21.0.5 with PID 12056 (started by gaeln in C:\Users\gaeln\Documents\Tecnologias para el Desarrollo de Aplicaciones WEB\Practica 2\Practica-2)
2025-03-17T12:58:46.920-06:00  INFO 12056 --- [Practica-2] [           main] c.u.Practica2.Practica2ApplicationTests  : No active profile set, falling back to 1 default profile: "default"
2025-03-17T12:58:48.384-06:00  INFO 12056 --- [Practica-2] [           main] o.s.b.a.w.s.WelcomePageHandlerMapping    : Adding welcome page template: index
2025-03-17T12:58:48.851-06:00  INFO 12056 --- [Practica-2] [           main] c.u.Practica2.Practica2ApplicationTests  : Started Practica2ApplicationTests in 2.388 seconds (process running for 3.932)
]]></system-out>
    <system-err><![CDATA[Mockito is currently self-attaching to enable the inline-mock-maker. This will no longer work in future releases of the JDK. Please add Mockito as an agent to your build what is described in Mockito's documentation: https://javadoc.io/doc/org.mockito/mockito-core/latest/org/mockito/Mockito.html#0.3
WARNING: A Java agent has been loaded dynamically (C:\Users\gaeln\.m2\repository\net\bytebuddy\byte-buddy-agent\1.15.11\byte-buddy-agent-1.15.11.jar)
WARNING: If a serviceability tool is in use, please run with -XX:+EnableDynamicAgentLoading to hide this warning
WARNING: If a serviceability tool is not in use, please run with -Djdk.instrument.traceUsage for more information
WARNING: Dynamic loading of agents will be disallowed by default in a future release
]]></system-err>
  </testcase>
</testsuite>